This is pdfTeX, Version 3.14159265-2.6-1.40.18 (TeX Live 2017/Debian) (preloaded format=pdflatex 2019.2.13)  2 JUL 2019 19:54
entering extended mode
 restricted \write18 enabled.
 %&-line parsing enabled.
**latexdefs.tex
(./latexdefs.tex
LaTeX2e <2017-04-15>
Babel <3.18> and hyphenation patterns for 12 language(s) loaded.
)
! Emergency stop.
<*> latexdefs.tex
                 
*** (job aborted, no legal \end found)

 
Here is how much of TeX's memory you used:
 17 strings out of 494747
 196 string characters out of 6176207
 46873 words of memory out of 5000000
 3455 multiletter control sequences out of 15000+600000
 3640 words of font info for 14 fonts, out of 8000000 for 9000
 107 hyphenation exceptions out of 8191
 7i,0n,6p,92b,8s stack positions out of 5000i,500n,10000p,200000b,80000s
!  ==> Fatal error occurred, no output PDF file produced!
